e:\projects\unity virtual reality projects_code\loader\loader\x64\debug\vc140.pdb
e:\projects\unity virtual reality projects_code\loader\loader\x64\debug\vc140.idb
e:\projects\unity virtual reality projects_code\loader\loader\x64\debug\loader.obj
e:\projects\ndivr\loader\loader\x64\debug\vc140.pdb
e:\projects\ndivr\loader\loader\x64\debug\vc140.idb
e:\projects\ndivr\loader\loader\x64\debug\loader.obj
e:\projects\unity virtual reality projects_code\example\assets\plugins\x64\loader.ilk
e:\projects\unity virtual reality projects_code\example\assets\plugins\x64\loader.dll
e:\projects\ndivr\loader\x64\debug\loader.pdb
e:\projects\unity virtual reality projects_code\loader\x64\debug\loader.lib
e:\projects\unity virtual reality projects_code\loader\x64\debug\loader.exp
e:\projects\ndivr\loader\x64\debug\loader.lib
e:\projects\ndivr\loader\x64\debug\loader.exp
e:\projects\ndivr\loader\x64\debug\loader.ilk
e:\projects\ndivr\loader\loader\x64\debug\loader.tlog\cl.command.1.tlog
e:\projects\ndivr\loader\loader\x64\debug\loader.tlog\cl.read.1.tlog
e:\projects\ndivr\loader\loader\x64\debug\loader.tlog\cl.write.1.tlog
e:\projects\ndivr\loader\loader\x64\debug\loader.tlog\link.command.1.tlog
e:\projects\ndivr\loader\loader\x64\debug\loader.tlog\link.read.1.tlog
e:\projects\ndivr\loader\loader\x64\debug\loader.tlog\link.write.1.tlog
e:\projects\ndivr\loader\loader\x64\debug\loader.tlog\loader.write.1u.tlog
